<?xml version="1.0" encoding="UTF-8"?>
<testsuites name="YES" time="294.006" tests="6" failures="0" errors="0">
   <testsuite name="YES" tests="6" failures="0" errors="0" time="294.006" skipped="0" timestamp="2023-06-14 14:23:31" hostname="dhanunja - 192.168.2.242" id="Test Suites/YES">
      <properties>
         <property name="deviceName" value=""/>
         <property name="devicePlatform" value=""/>
         <property name="logFolder" value="/Users/dhanunja/git/WatchYES/Reports/20230614_142329/YES/20230614_142329"/>
         <property name="logFiles" value="/Users/dhanunja/git/WatchYES/Reports/20230614_142329/YES/20230614_142329/execution0.log"/>
         <property name="attachments" value=""/>
         <property name="hostName" value="dhanunja - 192.168.2.242"/>
         <property name="os" value="Mac OS X 64bit"/>
         <property name="katalonVersion" value="8.5.2.208"/>
         <property name="browser" value="Chrome 114.0.0.0"/>
         <property name="hostAddress" value="192.168.2.242"/>
         <property name="sessionId" value="104392450180e67b65becfe785edf589"/>
         <property name="seleniumVersion" value="3.141.59"/>
         <property name="proxyInformation" value="ProxyInformation { proxyOption=NO_PROXY, proxyServerType=HTTP, username=, password=********, proxyServerAddress=, proxyServerPort=0, executionList=&quot;&quot;, isApplyToDesiredCapabilities=true }"/>
         <property name="platform" value="Mac OS X"/>
      </properties>
      <testcase name="Test Cases/DTC_NS_Registartion" time="25.926" classname="Test Cases/DTC_NS_Registartion" status="PASSED">
         <system-out><![CDATA[2023-06-14 14:23:31 - [TEST_CASE][PASSED] - Test Cases/DTC_NS_Registartion: Test Cases/DTC_NS_Registartion

2023-06-14 14:23:32 - [TEST_STEP][PASSED] - openBrowser(""): Browser is opened with url: ''

2023-06-14 14:23:32 - [MESSAGE][INFO] - Starting 'Chrome' driver

2023-06-14 14:23:32 - [MESSAGE][INFO] - Action delay is set to 0 milliseconds

2023-06-14 14:23:35 - [MESSAGE][PASSED] - Browser is opened with url: ''

2023-06-14 14:23:35 - [TEST_STEP][PASSED] - navigateToUrl("https://qa.watchyesnetwork.com/"): Navigate to 'https://qa.watchyesnetwork.com/' successfully

2023-06-14 14:23:40 - [MESSAGE][PASSED] - Navigate to 'https://qa.watchyesnetwork.com/' successfully

2023-06-14 14:23:40 - [TEST_STEP][PASSED] - waitForPageLoad(5): Wait for page load successfully

2023-06-14 14:23:40 - [MESSAGE][PASSED] - Wait for page load successfully

2023-06-14 14:23:40 - [TEST_STEP][PASSED] - click(findTestObject("Object Repository/Registration_NS/Page_Watch  YES Network/button_DISMISS")): Object: 'Object Repository/Registration_NS/Page_Watch  YES Network/button_DISMISS' is clicked on

2023-06-14 14:23:41 - [MESSAGE][PASSED] - Object: 'Object Repository/Registration_NS/Page_Watch  YES Network/button_DISMISS' is clicked on

2023-06-14 14:23:41 - [TEST_STEP][PASSED] - click(findTestObject("Object Repository/Registration_NS/Page_Watch  YES Network/button_SUBSCRIBE NOW")): Object: 'Object Repository/Registration_NS/Page_Watch  YES Network/button_SUBSCRIBE NOW' is clicked on

2023-06-14 14:23:41 - [MESSAGE][PASSED] - Object: 'Object Repository/Registration_NS/Page_Watch  YES Network/button_SUBSCRIBE NOW' is clicked on

2023-06-14 14:23:41 - [TEST_STEP][PASSED] - setText(findTestObject("Object Repository/Registration_NS/Page_Watch  YES Network/input_Name_name"), "Djay"): Text 'Djay' is set on object 'Object Repository/Registration_NS/Page_Watch  YES Network/input_Name_name'

2023-06-14 14:23:43 - [MESSAGE][PASSED] - Text 'Djay' is set on object 'Object Repository/Registration_NS/Page_Watch  YES Network/input_Name_name'

2023-06-14 14:23:43 - [TEST_STEP][PASSED] - RN = <not implemented yet for class: org.codehaus.groovy.ast.expr.EmptyExpression>: null

2023-06-14 14:23:43 - [TEST_STEP][PASSED] - RN = Math.random() * 5000: null

2023-06-14 14:23:43 - [TEST_STEP][PASSED] - setText(findTestObject("Object Repository/Registration_NS/Page_Watch  YES Network/input_Email Address_email"), "Djay+test" + RN + "@amdocs.com"): Text 'Djay+test4973@amdocs.com' is set on object 'Object Repository/Registration_NS/Page_Watch  YES Network/input_Email Address_email'

2023-06-14 14:23:43 - [MESSAGE][PASSED] - Text 'Djay+test4973@amdocs.com' is set on object 'Object Repository/Registration_NS/Page_Watch  YES Network/input_Email Address_email'

2023-06-14 14:23:43 - [TEST_STEP][PASSED] - setEncryptedText(findTestObject("Object Repository/Registration_NS/Page_Watch  YES Network/input_Password_password"), "RigbBhfdqOBGNlJIWM1ClA=="): Text ****** has been set on object 'Object Repository/Registration_NS/Page_Watch  YES Network/input_Password_password'

2023-06-14 14:23:44 - [MESSAGE][PASSED] - Text ****** has been set on object 'Object Repository/Registration_NS/Page_Watch  YES Network/input_Password_password'

2023-06-14 14:23:44 - [TEST_STEP][PASSED] - click(findTestObject("Object Repository/Registration_NS/Page_Watch  YES Network/div_Date of Birth")): Object: 'Object Repository/Registration_NS/Page_Watch  YES Network/div_Date of Birth' is clicked on

2023-06-14 14:23:44 - [MESSAGE][PASSED] - Object: 'Object Repository/Registration_NS/Page_Watch  YES Network/div_Date of Birth' is clicked on

2023-06-14 14:23:44 - [TEST_STEP][PASSED] - setText(findTestObject("Object Repository/Registration_NS/Page_Watch  YES Network/input_Date of Birth_dob"), "2000/01/01"): Text '2000/01/01' is set on object 'Object Repository/Registration_NS/Page_Watch  YES Network/input_Date of Birth_dob'

2023-06-14 14:23:45 - [MESSAGE][PASSED] - Text '2000/01/01' is set on object 'Object Repository/Registration_NS/Page_Watch  YES Network/input_Date of Birth_dob'

2023-06-14 14:23:45 - [TEST_STEP][PASSED] - selectOptionByValue(findTestObject("Object Repository/Registration_NS/Page_Watch  YES Network/select_OptionalMaleFemaleOtherPrefer not to answer"), "Male", true): All options with value 'Male' are selected in object 'Object Repository/Registration_NS/Page_Watch  YES Network/select_OptionalMaleFemaleOtherPrefer not to answer'  using regular expression

2023-06-14 14:23:46 - [MESSAGE][PASSED] - All options with value 'Male' are selected in object 'Object Repository/Registration_NS/Page_Watch  YES Network/select_OptionalMaleFemaleOtherPrefer not to answer'  using regular expression

2023-06-14 14:23:46 - [TEST_STEP][PASSED] - click(findTestObject("Object Repository/Registration_NS/Page_Watch  YES Network/button_NEXT")): Object: 'Object Repository/Registration_NS/Page_Watch  YES Network/button_NEXT' is clicked on

2023-06-14 14:23:46 - [MESSAGE][PASSED] - Object: 'Object Repository/Registration_NS/Page_Watch  YES Network/button_NEXT' is clicked on

2023-06-14 14:23:46 - [TEST_STEP][PASSED] - click(findTestObject("Object Repository/Registration_NS/Page_Watch  YES Network/button_NOT INTERESTED")): Object: 'Object Repository/Registration_NS/Page_Watch  YES Network/button_NOT INTERESTED' is clicked on

2023-06-14 14:23:50 - [MESSAGE][PASSED] - Object: 'Object Repository/Registration_NS/Page_Watch  YES Network/button_NOT INTERESTED' is clicked on

2023-06-14 14:23:50 - [TEST_STEP][PASSED] - click(findTestObject("Object Repository/Registration_NS/Page_Watch  YES Network/button_YOUR FAVORITE TEAMS_Brooklyn-Nets")): Object: 'Object Repository/Registration_NS/Page_Watch  YES Network/button_YOUR FAVORITE TEAMS_Brooklyn-Nets' is clicked on

2023-06-14 14:23:51 - [MESSAGE][PASSED] - Object: 'Object Repository/Registration_NS/Page_Watch  YES Network/button_YOUR FAVORITE TEAMS_Brooklyn-Nets' is clicked on

2023-06-14 14:23:51 - [TEST_STEP][PASSED] - click(findTestObject("Object Repository/Registration_NS/Page_Watch  YES Network/button_YOUR FAVORITE TEAMS_NewYork-Liberty")): Object: 'Object Repository/Registration_NS/Page_Watch  YES Network/button_YOUR FAVORITE TEAMS_NewYork-Liberty' is clicked on

2023-06-14 14:23:51 - [MESSAGE][PASSED] - Object: 'Object Repository/Registration_NS/Page_Watch  YES Network/button_YOUR FAVORITE TEAMS_NewYork-Liberty' is clicked on

2023-06-14 14:23:51 - [TEST_STEP][PASSED] - click(findTestObject("Object Repository/Registration_NS/Page_Watch  YES Network/button_NEXT")): Object: 'Object Repository/Registration_NS/Page_Watch  YES Network/button_NEXT' is clicked on

2023-06-14 14:23:52 - [MESSAGE][PASSED] - Object: 'Object Repository/Registration_NS/Page_Watch  YES Network/button_NEXT' is clicked on

2023-06-14 14:23:52 - [TEST_STEP][PASSED] - click(findTestObject("Object Repository/Registration_NS/Page_Watch  YES Network/button_Ill do this later")): Object: 'Object Repository/Registration_NS/Page_Watch  YES Network/button_Ill do this later' is clicked on

2023-06-14 14:23:53 - [MESSAGE][PASSED] - Object: 'Object Repository/Registration_NS/Page_Watch  YES Network/button_Ill do this later' is clicked on

2023-06-14 14:23:53 - [TEST_STEP][PASSED] - click(findTestObject("Object Repository/Registration_NS/Page_Watch  YES Network/span_MAYBE LATER")): Object: 'Object Repository/Registration_NS/Page_Watch  YES Network/span_MAYBE LATER' is clicked on

2023-06-14 14:23:53 - [MESSAGE][PASSED] - Object: 'Object Repository/Registration_NS/Page_Watch  YES Network/span_MAYBE LATER' is clicked on

2023-06-14 14:23:53 - [TEST_STEP][PASSED] - click(findTestObject("Object Repository/Registration_NS/Page_Watch  YES Network/img")): Object: 'Object Repository/Registration_NS/Page_Watch  YES Network/img' is clicked on

2023-06-14 14:23:56 - [MESSAGE][PASSED] - Object: 'Object Repository/Registration_NS/Page_Watch  YES Network/img' is clicked on

2023-06-14 14:23:56 - [TEST_STEP][PASSED] - verifyElementText(findTestObject("Object Repository/Registration_NS/Page_Watch  YES Network/div_Subscribe Now"), "Subscribe Now"): Actual text and expected text of test object 'Object Repository/Registration_NS/Page_Watch  YES Network/div_Subscribe Now' are matched.

2023-06-14 14:23:56 - [MESSAGE][PASSED] - Actual text and expected text of test object 'Object Repository/Registration_NS/Page_Watch  YES Network/div_Subscribe Now' are matched.

2023-06-14 14:23:56 - [TEST_STEP][PASSED] - click(findTestObject("Object Repository/Registration_NS/Page_Watch  YES Network/div_Log Out")): Object: 'Object Repository/Registration_NS/Page_Watch  YES Network/div_Log Out' is clicked on

2023-06-14 14:23:57 - [MESSAGE][PASSED] - Object: 'Object Repository/Registration_NS/Page_Watch  YES Network/div_Log Out' is clicked on

2023-06-14 14:23:57 - [TEST_STEP][PASSED] - closeBrowser(): Browser is closed

2023-06-14 14:23:57 - [MESSAGE][PASSED] - Browser is closed]]></system-out>
         <system-err><![CDATA[]]></system-err>
      </testcase>
      <testcase name="Test Cases/Launch Screen" time="18.723" classname="Test Cases/Launch Screen" status="PASSED">
         <system-out><![CDATA[2023-06-14 14:23:57 - [TEST_CASE][PASSED] - Test Cases/Launch Screen: Test Cases/Launch Screen

2023-06-14 14:23:58 - [TEST_STEP][PASSED] - openBrowser(""): Browser is opened with url: ''

2023-06-14 14:23:58 - [MESSAGE][INFO] - Starting 'Chrome' driver

2023-06-14 14:23:58 - [MESSAGE][INFO] - Action delay is set to 0 milliseconds

2023-06-14 14:23:59 - [MESSAGE][PASSED] - Browser is opened with url: ''

2023-06-14 14:23:59 - [TEST_STEP][PASSED] - navigateToUrl("https://qa.watchyesnetwork.com/"): Navigate to 'https://qa.watchyesnetwork.com/' successfully

2023-06-14 14:24:12 - [MESSAGE][PASSED] - Navigate to 'https://qa.watchyesnetwork.com/' successfully

2023-06-14 14:24:12 - [TEST_STEP][PASSED] - waitForPageLoad(5): Wait for page load successfully

2023-06-14 14:24:12 - [MESSAGE][PASSED] - Wait for page load successfully

2023-06-14 14:24:12 - [TEST_STEP][PASSED] - click(findTestObject("Object Repository/Launch/Page_Watch  YES Network/button_DISMISS")): Object: 'Object Repository/Launch/Page_Watch  YES Network/button_DISMISS' is clicked on

2023-06-14 14:24:13 - [MESSAGE][PASSED] - Object: 'Object Repository/Launch/Page_Watch  YES Network/button_DISMISS' is clicked on

2023-06-14 14:24:13 - [TEST_STEP][PASSED] - click(findTestObject("Object Repository/Launch/Page_Watch  YES Network/div_Already subscribe to YES NetworkLOGIN W_e9acde")): Object: 'Object Repository/Launch/Page_Watch  YES Network/div_Already subscribe to YES NetworkLOGIN W_e9acde' is clicked on

2023-06-14 14:24:14 - [MESSAGE][PASSED] - Object: 'Object Repository/Launch/Page_Watch  YES Network/div_Already subscribe to YES NetworkLOGIN W_e9acde' is clicked on

2023-06-14 14:24:14 - [TEST_STEP][PASSED] - verifyElementPresent(findTestObject("Object Repository/Launch/Page_Watch  YES Network/div_Already subscribe to YES NetworkLOGIN W_e9acde"), 0): Object 'Object Repository/Launch/Page_Watch  YES Network/div_Already subscribe to YES NetworkLOGIN W_e9acde' is present

2023-06-14 14:24:14 - [MESSAGE][WARNING] - Timeout '0' is invalid. Using default page load timeout: '30'

2023-06-14 14:24:14 - [MESSAGE][PASSED] - Object 'Object Repository/Launch/Page_Watch  YES Network/div_Already subscribe to YES NetworkLOGIN W_e9acde' is present

2023-06-14 14:24:14 - [TEST_STEP][PASSED] - verifyElementPresent(findTestObject("Object Repository/Launch/Page_Watch  YES Network/button_SUBSCRIBE NOW"), 0): Object 'Object Repository/Launch/Page_Watch  YES Network/button_SUBSCRIBE NOW' is present

2023-06-14 14:24:14 - [MESSAGE][WARNING] - Timeout '0' is invalid. Using default page load timeout: '30'

2023-06-14 14:24:15 - [MESSAGE][PASSED] - Object 'Object Repository/Launch/Page_Watch  YES Network/button_SUBSCRIBE NOW' is present

2023-06-14 14:24:15 - [TEST_STEP][PASSED] - verifyElementPresent(findTestObject("Object Repository/Launch/Page_Watch  YES Network/button_LOGIN WITH TV PROVIDER"), 0): Object 'Object Repository/Launch/Page_Watch  YES Network/button_LOGIN WITH TV PROVIDER' is present

2023-06-14 14:24:15 - [MESSAGE][WARNING] - Timeout '0' is invalid. Using default page load timeout: '30'

2023-06-14 14:24:15 - [MESSAGE][PASSED] - Object 'Object Repository/Launch/Page_Watch  YES Network/button_LOGIN WITH TV PROVIDER' is present

2023-06-14 14:24:15 - [TEST_STEP][PASSED] - verifyElementPresent(findTestObject("Object Repository/Launch/Page_Watch  YES Network/button_LOGIN WITH YES APP ACCOUNT"), 0): Object 'Object Repository/Launch/Page_Watch  YES Network/button_LOGIN WITH YES APP ACCOUNT' is present

2023-06-14 14:24:15 - [MESSAGE][WARNING] - Timeout '0' is invalid. Using default page load timeout: '30'

2023-06-14 14:24:15 - [MESSAGE][PASSED] - Object 'Object Repository/Launch/Page_Watch  YES Network/button_LOGIN WITH YES APP ACCOUNT' is present

2023-06-14 14:24:15 - [TEST_STEP][PASSED] - click(findTestObject("Object Repository/Launch/Page_Watch  YES Network/div_Already subscribe to YES NetworkLOGIN W_e9acde")): Object: 'Object Repository/Launch/Page_Watch  YES Network/div_Already subscribe to YES NetworkLOGIN W_e9acde' is clicked on

2023-06-14 14:24:16 - [MESSAGE][PASSED] - Object: 'Object Repository/Launch/Page_Watch  YES Network/div_Already subscribe to YES NetworkLOGIN W_e9acde' is clicked on

2023-06-14 14:24:16 - [TEST_STEP][PASSED] - closeBrowser(): Browser is closed

2023-06-14 14:24:16 - [MESSAGE][PASSED] - Browser is closed]]></system-out>
         <system-err><![CDATA[]]></system-err>
      </testcase>
      <testcase name="Test Cases/DTC_Subscribe_Registartion" time="41.449" classname="Test Cases/DTC_Subscribe_Registartion" status="PASSED">
         <system-out><![CDATA[2023-06-14 14:24:16 - [TEST_CASE][PASSED] - Test Cases/DTC_Subscribe_Registartion: Test Cases/DTC_Subscribe_Registartion

2023-06-14 14:24:16 - [TEST_STEP][PASSED] - openBrowser(""): Browser is opened with url: ''

2023-06-14 14:24:16 - [MESSAGE][INFO] - Starting 'Chrome' driver

2023-06-14 14:24:16 - [MESSAGE][INFO] - Action delay is set to 0 milliseconds

2023-06-14 14:24:18 - [MESSAGE][PASSED] - Browser is opened with url: ''

2023-06-14 14:24:18 - [TEST_STEP][PASSED] - navigateToUrl("https://qa.watchyesnetwork.com/"): Navigate to 'https://qa.watchyesnetwork.com/' successfully

2023-06-14 14:24:24 - [MESSAGE][PASSED] - Navigate to 'https://qa.watchyesnetwork.com/' successfully

2023-06-14 14:24:24 - [TEST_STEP][PASSED] - waitForPageLoad(5): Wait for page load successfully

2023-06-14 14:24:24 - [MESSAGE][PASSED] - Wait for page load successfully

2023-06-14 14:24:24 - [TEST_STEP][PASSED] - click(findTestObject("Object Repository/Registration_NS/Page_Watch  YES Network/button_DISMISS")): Object: 'Object Repository/Registration_NS/Page_Watch  YES Network/button_DISMISS' is clicked on

2023-06-14 14:24:25 - [MESSAGE][PASSED] - Object: 'Object Repository/Registration_NS/Page_Watch  YES Network/button_DISMISS' is clicked on

2023-06-14 14:24:25 - [TEST_STEP][PASSED] - click(findTestObject("Object Repository/Registration_Subscribe/Page_Watch  YES Network/button_SUBSCRIBE NOW")): Object: 'Object Repository/Registration_Subscribe/Page_Watch  YES Network/button_SUBSCRIBE NOW' is clicked on

2023-06-14 14:24:26 - [MESSAGE][PASSED] - Object: 'Object Repository/Registration_Subscribe/Page_Watch  YES Network/button_SUBSCRIBE NOW' is clicked on

2023-06-14 14:24:26 - [TEST_STEP][PASSED] - setText(findTestObject("Object Repository/Registration_Subscribe/Page_Watch  YES Network/input_Name_name"), "Djay"): Text 'Djay' is set on object 'Object Repository/Registration_Subscribe/Page_Watch  YES Network/input_Name_name'

2023-06-14 14:24:28 - [MESSAGE][PASSED] - Text 'Djay' is set on object 'Object Repository/Registration_Subscribe/Page_Watch  YES Network/input_Name_name'

2023-06-14 14:24:28 - [TEST_STEP][PASSED] - RN = <not implemented yet for class: org.codehaus.groovy.ast.expr.EmptyExpression>: null

2023-06-14 14:24:28 - [TEST_STEP][PASSED] - RN = Math.random() * 5000: null

2023-06-14 14:24:28 - [TEST_STEP][PASSED] - setText(findTestObject("Object Repository/Registration_Subscribe/Page_Watch  YES Network/input_Email Address_email"), "Djay+test" + RN + "@amdocs.com"): Text 'Djay+test2202@amdocs.com' is set on object 'Object Repository/Registration_Subscribe/Page_Watch  YES Network/input_Email Address_email'

2023-06-14 14:24:28 - [MESSAGE][PASSED] - Text 'Djay+test2202@amdocs.com' is set on object 'Object Repository/Registration_Subscribe/Page_Watch  YES Network/input_Email Address_email'

2023-06-14 14:24:28 - [TEST_STEP][PASSED] - setEncryptedText(findTestObject("Object Repository/Registration_Subscribe/Page_Watch  YES Network/input_Password_password"), "RigbBhfdqOBGNlJIWM1ClA=="): Text ****** has been set on object 'Object Repository/Registration_Subscribe/Page_Watch  YES Network/input_Password_password'

2023-06-14 14:24:29 - [MESSAGE][PASSED] - Text ****** has been set on object 'Object Repository/Registration_Subscribe/Page_Watch  YES Network/input_Password_password'

2023-06-14 14:24:29 - [TEST_STEP][PASSED] - click(findTestObject("Object Repository/Registration_Subscribe/Page_Watch  YES Network/div_Date of Birth")): Object: 'Object Repository/Registration_Subscribe/Page_Watch  YES Network/div_Date of Birth' is clicked on

2023-06-14 14:24:29 - [MESSAGE][PASSED] - Object: 'Object Repository/Registration_Subscribe/Page_Watch  YES Network/div_Date of Birth' is clicked on

2023-06-14 14:24:29 - [TEST_STEP][PASSED] - setText(findTestObject("Object Repository/Registration_Subscribe/Page_Watch  YES Network/input_Date of Birth_dob"), "2000/01/01"): Text '2000/01/01' is set on object 'Object Repository/Registration_Subscribe/Page_Watch  YES Network/input_Date of Birth_dob'

2023-06-14 14:24:30 - [MESSAGE][PASSED] - Text '2000/01/01' is set on object 'Object Repository/Registration_Subscribe/Page_Watch  YES Network/input_Date of Birth_dob'

2023-06-14 14:24:30 - [TEST_STEP][PASSED] - selectOptionByValue(findTestObject("Object Repository/Registration_Subscribe/Page_Watch  YES Network/select_OptionalMaleFemaleOtherPrefer not to answer"), "Male", true): All options with value 'Male' are selected in object 'Object Repository/Registration_Subscribe/Page_Watch  YES Network/select_OptionalMaleFemaleOtherPrefer not to answer'  using regular expression

2023-06-14 14:24:30 - [MESSAGE][PASSED] - All options with value 'Male' are selected in object 'Object Repository/Registration_Subscribe/Page_Watch  YES Network/select_OptionalMaleFemaleOtherPrefer not to answer'  using regular expression

2023-06-14 14:24:30 - [TEST_STEP][PASSED] - click(findTestObject("Object Repository/Registration_Subscribe/Page_Watch  YES Network/button_NEXT")): Object: 'Object Repository/Registration_Subscribe/Page_Watch  YES Network/button_NEXT' is clicked on

2023-06-14 14:24:31 - [MESSAGE][PASSED] - Object: 'Object Repository/Registration_Subscribe/Page_Watch  YES Network/button_NEXT' is clicked on

2023-06-14 14:24:31 - [TEST_STEP][PASSED] - waitForPageLoad(5): Wait for page load successfully

2023-06-14 14:24:31 - [MESSAGE][PASSED] - Wait for page load successfully

2023-06-14 14:24:31 - [TEST_STEP][PASSED] - setText(findTestObject("Object Repository/Registration_Subscribe/Page_Watch  YES Network/input_Name on Card_nameOnCard"), "Djay"): Text 'Djay' is set on object 'Object Repository/Registration_Subscribe/Page_Watch  YES Network/input_Name on Card_nameOnCard'

2023-06-14 14:24:34 - [MESSAGE][PASSED] - Text 'Djay' is set on object 'Object Repository/Registration_Subscribe/Page_Watch  YES Network/input_Name on Card_nameOnCard'

2023-06-14 14:24:34 - [TEST_STEP][PASSED] - setText(findTestObject("Object Repository/Registration_Subscribe/Page_Watch  YES Network/input_Credit Card Number_cardNumber"), "4242 4242 4242 4242"): Text '4242 4242 4242 4242' is set on object 'Object Repository/Registration_Subscribe/Page_Watch  YES Network/input_Credit Card Number_cardNumber'

2023-06-14 14:24:34 - [MESSAGE][PASSED] - Text '4242 4242 4242 4242' is set on object 'Object Repository/Registration_Subscribe/Page_Watch  YES Network/input_Credit Card Number_cardNumber'

2023-06-14 14:24:34 - [TEST_STEP][PASSED] - setText(findTestObject("Object Repository/Registration_Subscribe/Page_Watch  YES Network/input_Exp MMYY_expiryDate"), "01/24"): Text '01/24' is set on object 'Object Repository/Registration_Subscribe/Page_Watch  YES Network/input_Exp MMYY_expiryDate'

2023-06-14 14:24:35 - [MESSAGE][PASSED] - Text '01/24' is set on object 'Object Repository/Registration_Subscribe/Page_Watch  YES Network/input_Exp MMYY_expiryDate'

2023-06-14 14:24:35 - [TEST_STEP][PASSED] - setEncryptedText(findTestObject("Object Repository/Registration_Subscribe/Page_Watch  YES Network/input_CVV_securityCode"), "AbZbeXpnEm4="): Text ****** has been set on object 'Object Repository/Registration_Subscribe/Page_Watch  YES Network/input_CVV_securityCode'

2023-06-14 14:24:35 - [MESSAGE][PASSED] - Text ****** has been set on object 'Object Repository/Registration_Subscribe/Page_Watch  YES Network/input_CVV_securityCode'

2023-06-14 14:24:35 - [TEST_STEP][PASSED] - click(findTestObject("Object Repository/Registration_Subscribe/Page_Watch  YES Network/input_239.99_termsconditions")): Object: 'Object Repository/Registration_Subscribe/Page_Watch  YES Network/input_239.99_termsconditions' is clicked on

2023-06-14 14:24:36 - [MESSAGE][PASSED] - Object: 'Object Repository/Registration_Subscribe/Page_Watch  YES Network/input_239.99_termsconditions' is clicked on

2023-06-14 14:24:36 - [TEST_STEP][PASSED] - click(findTestObject("Object Repository/Registration_Subscribe/Page_Watch  YES Network/span_Subscribe Now")): Object: 'Object Repository/Registration_Subscribe/Page_Watch  YES Network/span_Subscribe Now' is clicked on

2023-06-14 14:24:36 - [MESSAGE][PASSED] - Object: 'Object Repository/Registration_Subscribe/Page_Watch  YES Network/span_Subscribe Now' is clicked on

2023-06-14 14:24:36 - [TEST_STEP][PASSED] - click(findTestObject("Object Repository/Registration_Subscribe/Page_Watch  YES Network/button_CONTINUE")): Object: 'Object Repository/Registration_Subscribe/Page_Watch  YES Network/button_CONTINUE' is clicked on

2023-06-14 14:24:40 - [MESSAGE][PASSED] - Object: 'Object Repository/Registration_Subscribe/Page_Watch  YES Network/button_CONTINUE' is clicked on

2023-06-14 14:24:40 - [TEST_STEP][PASSED] - click(findTestObject("Object Repository/Registration_Subscribe/Page_Watch  YES Network/button_YOUR FAVORITE TEAMS_Brooklyn-Nets")): Object: 'Object Repository/Registration_Subscribe/Page_Watch  YES Network/button_YOUR FAVORITE TEAMS_Brooklyn-Nets' is clicked on

2023-06-14 14:24:41 - [MESSAGE][PASSED] - Object: 'Object Repository/Registration_Subscribe/Page_Watch  YES Network/button_YOUR FAVORITE TEAMS_Brooklyn-Nets' is clicked on

2023-06-14 14:24:41 - [TEST_STEP][PASSED] - click(findTestObject("Object Repository/Registration_Subscribe/Page_Watch  YES Network/button_YOUR FAVORITE TEAMS_NewYork-Liberty")): Object: 'Object Repository/Registration_Subscribe/Page_Watch  YES Network/button_YOUR FAVORITE TEAMS_NewYork-Liberty' is clicked on

2023-06-14 14:24:41 - [MESSAGE][PASSED] - Object: 'Object Repository/Registration_Subscribe/Page_Watch  YES Network/button_YOUR FAVORITE TEAMS_NewYork-Liberty' is clicked on

2023-06-14 14:24:41 - [TEST_STEP][PASSED] - click(findTestObject("Object Repository/Registration_Subscribe/Page_Watch  YES Network/button_NEXT")): Object: 'Object Repository/Registration_Subscribe/Page_Watch  YES Network/button_NEXT' is clicked on

2023-06-14 14:24:42 - [MESSAGE][PASSED] - Object: 'Object Repository/Registration_Subscribe/Page_Watch  YES Network/button_NEXT' is clicked on

2023-06-14 14:24:42 - [TEST_STEP][PASSED] - click(findTestObject("Object Repository/Registration_Subscribe/Page_Watch  YES Network/button_Ill do this later")): Object: 'Object Repository/Registration_Subscribe/Page_Watch  YES Network/button_Ill do this later' is clicked on

2023-06-14 14:24:42 - [MESSAGE][PASSED] - Object: 'Object Repository/Registration_Subscribe/Page_Watch  YES Network/button_Ill do this later' is clicked on

2023-06-14 14:24:42 - [TEST_STEP][PASSED] - click(findTestObject("Object Repository/Registration_Subscribe/Page_Watch  YES Network/span_MAYBE LATER")): Object: 'Object Repository/Registration_Subscribe/Page_Watch  YES Network/span_MAYBE LATER' is clicked on

2023-06-14 14:24:43 - [MESSAGE][PASSED] - Object: 'Object Repository/Registration_Subscribe/Page_Watch  YES Network/span_MAYBE LATER' is clicked on

2023-06-14 14:24:43 - [TEST_STEP][PASSED] - delay(3): Delayed 3 second(s)

2023-06-14 14:24:46 - [MESSAGE][PASSED] - Delayed 3 second(s)

2023-06-14 14:24:46 - [TEST_STEP][PASSED] - refresh(): Refresh successfully

2023-06-14 14:24:46 - [MESSAGE][PASSED] - Refresh successfully

2023-06-14 14:24:46 - [TEST_STEP][PASSED] - delay(3): Delayed 3 second(s)

2023-06-14 14:24:49 - [MESSAGE][PASSED] - Delayed 3 second(s)

2023-06-14 14:24:49 - [TEST_STEP][PASSED] - verifyElementText(findTestObject("Object Repository/Registration_Subscribe/Page_Watch  YES Network/h3_On Now"), "ON NOW"): Actual text and expected text of test object 'Object Repository/Registration_Subscribe/Page_Watch  YES Network/h3_On Now' are matched.

2023-06-14 14:24:50 - [MESSAGE][PASSED] - Actual text and expected text of test object 'Object Repository/Registration_Subscribe/Page_Watch  YES Network/h3_On Now' are matched.

2023-06-14 14:24:50 - [TEST_STEP][PASSED] - click(findTestObject("Object Repository/Registration_NS/Page_Watch  YES Network/img")): Object: 'Object Repository/Registration_NS/Page_Watch  YES Network/img' is clicked on

2023-06-14 14:24:53 - [MESSAGE][PASSED] - Object: 'Object Repository/Registration_NS/Page_Watch  YES Network/img' is clicked on

2023-06-14 14:24:53 - [TEST_STEP][PASSED] - verifyElementText(findTestObject("Object Repository/Registration_Subscribe/Page_Watch  YES Network/span_Manage Subscription"), "Manage Subscription"): Actual text and expected text of test object 'Object Repository/Registration_Subscribe/Page_Watch  YES Network/span_Manage Subscription' are matched.

2023-06-14 14:24:54 - [MESSAGE][PASSED] - Actual text and expected text of test object 'Object Repository/Registration_Subscribe/Page_Watch  YES Network/span_Manage Subscription' are matched.

2023-06-14 14:24:54 - [TEST_STEP][PASSED] - click(findTestObject("Object Repository/Registration_Subscribe/Page_Watch  YES Network/div_Manage Subscription")): Object: 'Object Repository/Registration_Subscribe/Page_Watch  YES Network/div_Manage Subscription' is clicked on

2023-06-14 14:24:55 - [MESSAGE][PASSED] - Object: 'Object Repository/Registration_Subscribe/Page_Watch  YES Network/div_Manage Subscription' is clicked on

2023-06-14 14:24:55 - [TEST_STEP][PASSED] - verifyElementText(findTestObject("Object Repository/Registration_Subscribe/Page_Watch  YES Network/button_CHANGE PLAN"), "CHANGE PLAN"): Actual text and expected text of test object 'Object Repository/Registration_Subscribe/Page_Watch  YES Network/button_CHANGE PLAN' are matched.

2023-06-14 14:24:56 - [MESSAGE][PASSED] - Actual text and expected text of test object 'Object Repository/Registration_Subscribe/Page_Watch  YES Network/button_CHANGE PLAN' are matched.

2023-06-14 14:24:56 - [TEST_STEP][PASSED] - verifyElementText(findTestObject("Object Repository/Registration_Subscribe/Page_Watch  YES Network/div_MANAGE SUBSCRIPTION (1)"), "MANAGE SUBSCRIPTION"): Actual text and expected text of test object 'Object Repository/Registration_Subscribe/Page_Watch  YES Network/div_MANAGE SUBSCRIPTION (1)' are matched.

2023-06-14 14:24:56 - [MESSAGE][PASSED] - Actual text and expected text of test object 'Object Repository/Registration_Subscribe/Page_Watch  YES Network/div_MANAGE SUBSCRIPTION (1)' are matched.

2023-06-14 14:24:56 - [TEST_STEP][PASSED] - click(findTestObject("Object Repository/Registration_Subscribe/Page_Watch  YES Network/svg")): Object: 'Object Repository/Registration_Subscribe/Page_Watch  YES Network/svg' is clicked on

2023-06-14 14:24:56 - [MESSAGE][PASSED] - Object: 'Object Repository/Registration_Subscribe/Page_Watch  YES Network/svg' is clicked on

2023-06-14 14:24:56 - [TEST_STEP][PASSED] - click(findTestObject("Object Repository/Registration_Subscribe/Page_Watch  YES Network/div_Log Out")): Object: 'Object Repository/Registration_Subscribe/Page_Watch  YES Network/div_Log Out' is clicked on

2023-06-14 14:24:57 - [MESSAGE][PASSED] - Object: 'Object Repository/Registration_Subscribe/Page_Watch  YES Network/div_Log Out' is clicked on

2023-06-14 14:24:57 - [TEST_STEP][PASSED] - closeBrowser(): Browser is closed

2023-06-14 14:24:58 - [MESSAGE][PASSED] - Browser is closed]]></system-out>
         <system-err><![CDATA[]]></system-err>
      </testcase>
      <testcase name="Test Cases/Subscription_Watch_Tab" time="82.472" classname="Test Cases/Subscription_Watch_Tab" status="PASSED">
         <system-out><![CDATA[2023-06-14 14:24:58 - [TEST_CASE][PASSED] - Test Cases/Subscription_Watch_Tab: Test Cases/Subscription_Watch_Tab

2023-06-14 14:24:58 - [TEST_STEP][PASSED] - openBrowser(""): Browser is opened with url: ''

2023-06-14 14:24:58 - [MESSAGE][INFO] - Starting 'Chrome' driver

2023-06-14 14:24:58 - [MESSAGE][INFO] - Action delay is set to 0 milliseconds

2023-06-14 14:25:00 - [MESSAGE][PASSED] - Browser is opened with url: ''

2023-06-14 14:25:00 - [TEST_STEP][PASSED] - navigateToUrl("https://qa.watchyesnetwork.com/"): Navigate to 'https://qa.watchyesnetwork.com/' successfully

2023-06-14 14:25:06 - [MESSAGE][PASSED] - Navigate to 'https://qa.watchyesnetwork.com/' successfully

2023-06-14 14:25:06 - [TEST_STEP][PASSED] - waitForPageLoad(5): Wait for page load successfully

2023-06-14 14:25:06 - [MESSAGE][PASSED] - Wait for page load successfully

2023-06-14 14:25:06 - [TEST_STEP][PASSED] - click(findTestObject("Object Repository/Watch_Screen_Subscribe/Page_Watch  YES Network/button_DISMISS")): Object: 'Object Repository/Watch_Screen_Subscribe/Page_Watch  YES Network/button_DISMISS' is clicked on

2023-06-14 14:25:06 - [MESSAGE][PASSED] - Object: 'Object Repository/Watch_Screen_Subscribe/Page_Watch  YES Network/button_DISMISS' is clicked on

2023-06-14 14:25:06 - [TEST_STEP][PASSED] - click(findTestObject("Object Repository/Watch_Screen_Subscribe/Page_Watch  YES Network/button_SUBSCRIBE NOW")): Object: 'Object Repository/Watch_Screen_Subscribe/Page_Watch  YES Network/button_SUBSCRIBE NOW' is clicked on

2023-06-14 14:25:07 - [MESSAGE][PASSED] - Object: 'Object Repository/Watch_Screen_Subscribe/Page_Watch  YES Network/button_SUBSCRIBE NOW' is clicked on

2023-06-14 14:25:07 - [TEST_STEP][PASSED] - setText(findTestObject("Object Repository/Watch_Screen_Subscribe/Page_Watch  YES Network/input_Name_name"), "djay"): Text 'djay' is set on object 'Object Repository/Watch_Screen_Subscribe/Page_Watch  YES Network/input_Name_name'

2023-06-14 14:25:08 - [MESSAGE][PASSED] - Text 'djay' is set on object 'Object Repository/Watch_Screen_Subscribe/Page_Watch  YES Network/input_Name_name'

2023-06-14 14:25:08 - [TEST_STEP][PASSED] - RN = <not implemented yet for class: org.codehaus.groovy.ast.expr.EmptyExpression>: null

2023-06-14 14:25:08 - [TEST_STEP][PASSED] - RN = Math.random() * 5000: null

2023-06-14 14:25:08 - [TEST_STEP][PASSED] - setText(findTestObject("Object Repository/Registration_Subscribe/Page_Watch  YES Network/input_Email Address_email"), "Djay+test" + RN + "@amdocs.com"): Text 'Djay+test235@amdocs.com' is set on object 'Object Repository/Registration_Subscribe/Page_Watch  YES Network/input_Email Address_email'

2023-06-14 14:25:09 - [MESSAGE][PASSED] - Text 'Djay+test235@amdocs.com' is set on object 'Object Repository/Registration_Subscribe/Page_Watch  YES Network/input_Email Address_email'

2023-06-14 14:25:09 - [TEST_STEP][PASSED] - setEncryptedText(findTestObject("Object Repository/Watch_Screen_Subscribe/Page_Watch  YES Network/input_Password_password"), "RigbBhfdqOBGNlJIWM1ClA=="): Text ****** has been set on object 'Object Repository/Watch_Screen_Subscribe/Page_Watch  YES Network/input_Password_password'

2023-06-14 14:25:10 - [MESSAGE][PASSED] - Text ****** has been set on object 'Object Repository/Watch_Screen_Subscribe/Page_Watch  YES Network/input_Password_password'

2023-06-14 14:25:10 - [TEST_STEP][PASSED] - click(findTestObject("Object Repository/Watch_Screen_Subscribe/Page_Watch  YES Network/div_Date of Birth")): Object: 'Object Repository/Watch_Screen_Subscribe/Page_Watch  YES Network/div_Date of Birth' is clicked on

2023-06-14 14:25:10 - [MESSAGE][PASSED] - Object: 'Object Repository/Watch_Screen_Subscribe/Page_Watch  YES Network/div_Date of Birth' is clicked on

2023-06-14 14:25:10 - [TEST_STEP][PASSED] - setText(findTestObject("Object Repository/Registration_Subscribe/Page_Watch  YES Network/input_Date of Birth_dob"), "2000/01/01"): Text '2000/01/01' is set on object 'Object Repository/Registration_Subscribe/Page_Watch  YES Network/input_Date of Birth_dob'

2023-06-14 14:25:11 - [MESSAGE][PASSED] - Text '2000/01/01' is set on object 'Object Repository/Registration_Subscribe/Page_Watch  YES Network/input_Date of Birth_dob'

2023-06-14 14:25:11 - [TEST_STEP][PASSED] - selectOptionByValue(findTestObject("Object Repository/Watch_Screen_Subscribe/Page_Watch  YES Network/select_OptionalMaleFemaleOtherPrefer not to answer"), "Male", true): All options with value 'Male' are selected in object 'Object Repository/Watch_Screen_Subscribe/Page_Watch  YES Network/select_OptionalMaleFemaleOtherPrefer not to answer'  using regular expression

2023-06-14 14:25:12 - [MESSAGE][PASSED] - All options with value 'Male' are selected in object 'Object Repository/Watch_Screen_Subscribe/Page_Watch  YES Network/select_OptionalMaleFemaleOtherPrefer not to answer'  using regular expression

2023-06-14 14:25:12 - [TEST_STEP][PASSED] - click(findTestObject("Object Repository/Watch_Screen_Subscribe/Page_Watch  YES Network/button_NEXT")): Object: 'Object Repository/Watch_Screen_Subscribe/Page_Watch  YES Network/button_NEXT' is clicked on

2023-06-14 14:25:12 - [MESSAGE][PASSED] - Object: 'Object Repository/Watch_Screen_Subscribe/Page_Watch  YES Network/button_NEXT' is clicked on

2023-06-14 14:25:12 - [TEST_STEP][PASSED] - click(findTestObject("Object Repository/Watch_Screen_Subscribe/Page_Watch  YES Network/button_NOT INTERESTED")): Object: 'Object Repository/Watch_Screen_Subscribe/Page_Watch  YES Network/button_NOT INTERESTED' is clicked on

2023-06-14 14:25:16 - [MESSAGE][PASSED] - Object: 'Object Repository/Watch_Screen_Subscribe/Page_Watch  YES Network/button_NOT INTERESTED' is clicked on

2023-06-14 14:25:16 - [TEST_STEP][PASSED] - click(findTestObject("Object Repository/Watch_Screen_Subscribe/Page_Watch  YES Network/button_YOUR FAVORITE TEAMS_Brooklyn-Nets")): Object: 'Object Repository/Watch_Screen_Subscribe/Page_Watch  YES Network/button_YOUR FAVORITE TEAMS_Brooklyn-Nets' is clicked on

2023-06-14 14:25:18 - [MESSAGE][PASSED] - Object: 'Object Repository/Watch_Screen_Subscribe/Page_Watch  YES Network/button_YOUR FAVORITE TEAMS_Brooklyn-Nets' is clicked on

2023-06-14 14:25:18 - [TEST_STEP][PASSED] - click(findTestObject("Object Repository/Watch_Screen_Subscribe/Page_Watch  YES Network/button_YOUR FAVORITE TEAMS_NewYork-Liberty")): Object: 'Object Repository/Watch_Screen_Subscribe/Page_Watch  YES Network/button_YOUR FAVORITE TEAMS_NewYork-Liberty' is clicked on

2023-06-14 14:25:19 - [MESSAGE][PASSED] - Object: 'Object Repository/Watch_Screen_Subscribe/Page_Watch  YES Network/button_YOUR FAVORITE TEAMS_NewYork-Liberty' is clicked on

2023-06-14 14:25:19 - [TEST_STEP][PASSED] - click(findTestObject("Object Repository/Watch_Screen_Subscribe/Page_Watch  YES Network/button_NEXT")): Object: 'Object Repository/Watch_Screen_Subscribe/Page_Watch  YES Network/button_NEXT' is clicked on

2023-06-14 14:25:19 - [MESSAGE][PASSED] - Object: 'Object Repository/Watch_Screen_Subscribe/Page_Watch  YES Network/button_NEXT' is clicked on

2023-06-14 14:25:19 - [TEST_STEP][PASSED] - click(findTestObject("Object Repository/Watch_Screen_Subscribe/Page_Watch  YES Network/button_Ill do this later")): Object: 'Object Repository/Watch_Screen_Subscribe/Page_Watch  YES Network/button_Ill do this later' is clicked on

2023-06-14 14:25:20 - [MESSAGE][PASSED] - Object: 'Object Repository/Watch_Screen_Subscribe/Page_Watch  YES Network/button_Ill do this later' is clicked on

2023-06-14 14:25:20 - [TEST_STEP][PASSED] - click(findTestObject("Object Repository/Watch_Screen_Subscribe/Page_Watch  YES Network/span_MAYBE LATER")): Object: 'Object Repository/Watch_Screen_Subscribe/Page_Watch  YES Network/span_MAYBE LATER' is clicked on

2023-06-14 14:25:20 - [MESSAGE][PASSED] - Object: 'Object Repository/Watch_Screen_Subscribe/Page_Watch  YES Network/span_MAYBE LATER' is clicked on

2023-06-14 14:25:20 - [TEST_STEP][PASSED] - waitForPageLoad(5): Wait for page load successfully

2023-06-14 14:25:20 - [MESSAGE][PASSED] - Wait for page load successfully

2023-06-14 14:25:20 - [TEST_STEP][PASSED] - click(findTestObject("Object Repository/Watch_Screen_Subscribe/Page_Watch  YES Network/button_SUBSCRIBE NOW")): Object: 'Object Repository/Watch_Screen_Subscribe/Page_Watch  YES Network/button_SUBSCRIBE NOW' is clicked on

2023-06-14 14:25:52 - [MESSAGE][INFO] - Unable to find the element located by 'By.xpath: //div[@id='root']/div[2]/div/div[2]/div[3]/button'. Please recheck the objects properties to make sure the desired element is located. 

2023-06-14 14:25:52 - [MESSAGE][WARNING] - [SELF-HEALING] Failed to find element with id 'Object Repository/Watch_Screen_Subscribe/Page_Watch  YES Network/button_SUBSCRIBE NOW'. Try using Self-healing.

2023-06-14 14:25:52 - [MESSAGE][WARNING] - [SELF-HEALING] The current locator of test object 'Object Repository/Watch_Screen_Subscribe/Page_Watch  YES Network/button_SUBSCRIBE NOW' was broken. Propose an alternative one: '//*/text()[normalize-space(.)='SUBSCRIBE NOW']/parent::*'.

2023-06-14 14:25:52 - [MESSAGE][PASSED] - Object: 'Object Repository/Watch_Screen_Subscribe/Page_Watch  YES Network/button_SUBSCRIBE NOW' is clicked on

2023-06-14 14:25:52 - [TEST_STEP][PASSED] - click(findTestObject("Object Repository/Watch_Screen_Subscribe/Page_Watch  YES Network/button_SUBSCRIBE")): Object: 'Object Repository/Watch_Screen_Subscribe/Page_Watch  YES Network/button_SUBSCRIBE' is clicked on

2023-06-14 14:25:53 - [MESSAGE][PASSED] - Object: 'Object Repository/Watch_Screen_Subscribe/Page_Watch  YES Network/button_SUBSCRIBE' is clicked on

2023-06-14 14:25:53 - [TEST_STEP][PASSED] - setText(findTestObject("Object Repository/Watch_Screen_Subscribe/Page_Watch  YES Network/input_Name on Card_nameOnCard"), "djay"): Text 'djay' is set on object 'Object Repository/Watch_Screen_Subscribe/Page_Watch  YES Network/input_Name on Card_nameOnCard'

2023-06-14 14:25:54 - [MESSAGE][PASSED] - Text 'djay' is set on object 'Object Repository/Watch_Screen_Subscribe/Page_Watch  YES Network/input_Name on Card_nameOnCard'

2023-06-14 14:25:54 - [TEST_STEP][PASSED] - setText(findTestObject("Object Repository/Watch_Screen_Subscribe/Page_Watch  YES Network/input_Credit Card Number_cardNumber"), "4242 4242 4242 4242"): Text '4242 4242 4242 4242' is set on object 'Object Repository/Watch_Screen_Subscribe/Page_Watch  YES Network/input_Credit Card Number_cardNumber'

2023-06-14 14:25:55 - [MESSAGE][PASSED] - Text '4242 4242 4242 4242' is set on object 'Object Repository/Watch_Screen_Subscribe/Page_Watch  YES Network/input_Credit Card Number_cardNumber'

2023-06-14 14:25:55 - [TEST_STEP][PASSED] - setText(findTestObject("Object Repository/Watch_Screen_Subscribe/Page_Watch  YES Network/input_Exp MMYY_expiryDate"), "01/24"): Text '01/24' is set on object 'Object Repository/Watch_Screen_Subscribe/Page_Watch  YES Network/input_Exp MMYY_expiryDate'

2023-06-14 14:25:55 - [MESSAGE][PASSED] - Text '01/24' is set on object 'Object Repository/Watch_Screen_Subscribe/Page_Watch  YES Network/input_Exp MMYY_expiryDate'

2023-06-14 14:25:55 - [TEST_STEP][PASSED] - setEncryptedText(findTestObject("Object Repository/Watch_Screen_Subscribe/Page_Watch  YES Network/input_CVV_securityCode"), "AbZbeXpnEm4="): Text ****** has been set on object 'Object Repository/Watch_Screen_Subscribe/Page_Watch  YES Network/input_CVV_securityCode'

2023-06-14 14:25:56 - [MESSAGE][PASSED] - Text ****** has been set on object 'Object Repository/Watch_Screen_Subscribe/Page_Watch  YES Network/input_CVV_securityCode'

2023-06-14 14:25:56 - [TEST_STEP][PASSED] - click(findTestObject("Object Repository/Watch_Screen_Subscribe/Page_Watch  YES Network/input_19.99_termsconditions")): Object: 'Object Repository/Watch_Screen_Subscribe/Page_Watch  YES Network/input_19.99_termsconditions' is clicked on

2023-06-14 14:25:56 - [MESSAGE][PASSED] - Object: 'Object Repository/Watch_Screen_Subscribe/Page_Watch  YES Network/input_19.99_termsconditions' is clicked on

2023-06-14 14:25:56 - [TEST_STEP][PASSED] - click(findTestObject("Object Repository/Watch_Screen_Subscribe/Page_Watch  YES Network/button_Subscribe Now (1)")): Object: 'Object Repository/Watch_Screen_Subscribe/Page_Watch  YES Network/button_Subscribe Now (1)' is clicked on

2023-06-14 14:25:57 - [MESSAGE][PASSED] - Object: 'Object Repository/Watch_Screen_Subscribe/Page_Watch  YES Network/button_Subscribe Now (1)' is clicked on

2023-06-14 14:25:57 - [TEST_STEP][PASSED] - waitForPageLoad(5): Wait for page load successfully

2023-06-14 14:25:57 - [MESSAGE][PASSED] - Wait for page load successfully

2023-06-14 14:25:57 - [TEST_STEP][PASSED] - click(findTestObject("Object Repository/Watch_Screen_Subscribe/Page_Watch  YES Network/button_CONTINUE")): Object: 'Object Repository/Watch_Screen_Subscribe/Page_Watch  YES Network/button_CONTINUE' is clicked on

2023-06-14 14:26:01 - [MESSAGE][PASSED] - Object: 'Object Repository/Watch_Screen_Subscribe/Page_Watch  YES Network/button_CONTINUE' is clicked on

2023-06-14 14:26:01 - [TEST_STEP][PASSED] - delay(3): Delayed 3 second(s)

2023-06-14 14:26:04 - [MESSAGE][PASSED] - Delayed 3 second(s)

2023-06-14 14:26:04 - [TEST_STEP][PASSED] - refresh(): Refresh successfully

2023-06-14 14:26:04 - [MESSAGE][PASSED] - Refresh successfully

2023-06-14 14:26:04 - [TEST_STEP][PASSED] - delay(3): Delayed 3 second(s)

2023-06-14 14:26:07 - [MESSAGE][PASSED] - Delayed 3 second(s)

2023-06-14 14:26:07 - [TEST_STEP][PASSED] - verifyElementPresent(findTestObject("Object Repository/Watch_Screen_Subscribe/Page_Watch  YES Network/h3_On Now"), 0): Object 'Object Repository/Watch_Screen_Subscribe/Page_Watch  YES Network/h3_On Now' is present

2023-06-14 14:26:07 - [MESSAGE][WARNING] - Timeout '0' is invalid. Using default page load timeout: '30'

2023-06-14 14:26:16 - [MESSAGE][PASSED] - Object 'Object Repository/Watch_Screen_Subscribe/Page_Watch  YES Network/h3_On Now' is present

2023-06-14 14:26:16 - [TEST_STEP][PASSED] - click(findTestObject("Object Repository/Watch_Screen_Subscribe/Page_Watch  YES Network/img")): Object: 'Object Repository/Watch_Screen_Subscribe/Page_Watch  YES Network/img' is clicked on

2023-06-14 14:26:17 - [MESSAGE][PASSED] - Object: 'Object Repository/Watch_Screen_Subscribe/Page_Watch  YES Network/img' is clicked on

2023-06-14 14:26:17 - [TEST_STEP][PASSED] - click(findTestObject("Object Repository/Watch_Screen_Subscribe/Page_Watch  YES Network/div_Manage Subscription")): Object: 'Object Repository/Watch_Screen_Subscribe/Page_Watch  YES Network/div_Manage Subscription' is clicked on

2023-06-14 14:26:17 - [MESSAGE][PASSED] - Object: 'Object Repository/Watch_Screen_Subscribe/Page_Watch  YES Network/div_Manage Subscription' is clicked on

2023-06-14 14:26:17 - [TEST_STEP][PASSED] - verifyElementText(findTestObject("Object Repository/Watch_Screen_Subscribe/Page_Watch  YES Network/button_CHANGE PLAN"), "CHANGE PLAN"): Actual text and expected text of test object 'Object Repository/Watch_Screen_Subscribe/Page_Watch  YES Network/button_CHANGE PLAN' are matched.

2023-06-14 14:26:18 - [MESSAGE][PASSED] - Actual text and expected text of test object 'Object Repository/Watch_Screen_Subscribe/Page_Watch  YES Network/button_CHANGE PLAN' are matched.

2023-06-14 14:26:18 - [TEST_STEP][PASSED] - verifyElementText(findTestObject("Object Repository/Watch_Screen_Subscribe/Page_Watch  YES Network/div_MANAGE SUBSCRIPTION (1)"), "MANAGE SUBSCRIPTION"): Actual text and expected text of test object 'Object Repository/Watch_Screen_Subscribe/Page_Watch  YES Network/div_MANAGE SUBSCRIPTION (1)' are matched.

2023-06-14 14:26:18 - [MESSAGE][PASSED] - Actual text and expected text of test object 'Object Repository/Watch_Screen_Subscribe/Page_Watch  YES Network/div_MANAGE SUBSCRIPTION (1)' are matched.

2023-06-14 14:26:18 - [TEST_STEP][PASSED] - click(findTestObject("Object Repository/Watch_Screen_Subscribe/Page_Watch  YES Network/svg")): Object: 'Object Repository/Watch_Screen_Subscribe/Page_Watch  YES Network/svg' is clicked on

2023-06-14 14:26:19 - [MESSAGE][PASSED] - Object: 'Object Repository/Watch_Screen_Subscribe/Page_Watch  YES Network/svg' is clicked on

2023-06-14 14:26:19 - [TEST_STEP][PASSED] - click(findTestObject("Object Repository/Watch_Screen_Subscribe/Page_Watch  YES Network/div_Log Out")): Object: 'Object Repository/Watch_Screen_Subscribe/Page_Watch  YES Network/div_Log Out' is clicked on

2023-06-14 14:26:19 - [MESSAGE][PASSED] - Object: 'Object Repository/Watch_Screen_Subscribe/Page_Watch  YES Network/div_Log Out' is clicked on

2023-06-14 14:26:19 - [TEST_STEP][PASSED] - closeBrowser(): Browser is closed

2023-06-14 14:26:20 - [MESSAGE][PASSED] - Browser is closed]]></system-out>
         <system-err><![CDATA[]]></system-err>
      </testcase>
      <testcase name="Test Cases/Subscribe_Settings" time="103.813" classname="Test Cases/Subscribe_Settings" status="PASSED">
         <system-out><![CDATA[2023-06-14 14:26:20 - [TEST_CASE][PASSED] - Test Cases/Subscribe_Settings: Test Cases/Subscribe_Settings

2023-06-14 14:26:20 - [TEST_STEP][PASSED] - openBrowser(""): Browser is opened with url: ''

2023-06-14 14:26:20 - [MESSAGE][INFO] - Starting 'Chrome' driver

2023-06-14 14:26:20 - [MESSAGE][INFO] - Action delay is set to 0 milliseconds

2023-06-14 14:26:22 - [MESSAGE][PASSED] - Browser is opened with url: ''

2023-06-14 14:26:22 - [TEST_STEP][PASSED] - navigateToUrl("https://qa.watchyesnetwork.com/"): Navigate to 'https://qa.watchyesnetwork.com/' successfully

2023-06-14 14:26:28 - [MESSAGE][PASSED] - Navigate to 'https://qa.watchyesnetwork.com/' successfully

2023-06-14 14:26:28 - [TEST_STEP][PASSED] - waitForPageLoad(5): Wait for page load successfully

2023-06-14 14:26:28 - [MESSAGE][PASSED] - Wait for page load successfully

2023-06-14 14:26:28 - [TEST_STEP][PASSED] - click(findTestObject("Object Repository/Registration_Settings/Page_Watch  YES Network/button_DISMISS")): Object: 'Object Repository/Registration_Settings/Page_Watch  YES Network/button_DISMISS' is clicked on

2023-06-14 14:26:29 - [MESSAGE][PASSED] - Object: 'Object Repository/Registration_Settings/Page_Watch  YES Network/button_DISMISS' is clicked on

2023-06-14 14:26:29 - [TEST_STEP][PASSED] - click(findTestObject("Object Repository/Registration_Settings/Page_Watch  YES Network/button_SUBSCRIBE NOW")): Object: 'Object Repository/Registration_Settings/Page_Watch  YES Network/button_SUBSCRIBE NOW' is clicked on

2023-06-14 14:26:30 - [MESSAGE][PASSED] - Object: 'Object Repository/Registration_Settings/Page_Watch  YES Network/button_SUBSCRIBE NOW' is clicked on

2023-06-14 14:26:30 - [TEST_STEP][PASSED] - setText(findTestObject("Object Repository/Registration_Settings/Page_Watch  YES Network/input_Name_name"), "djay"): Text 'djay' is set on object 'Object Repository/Registration_Settings/Page_Watch  YES Network/input_Name_name'

2023-06-14 14:26:31 - [MESSAGE][PASSED] - Text 'djay' is set on object 'Object Repository/Registration_Settings/Page_Watch  YES Network/input_Name_name'

2023-06-14 14:26:31 - [TEST_STEP][PASSED] - RN = <not implemented yet for class: org.codehaus.groovy.ast.expr.EmptyExpression>: null

2023-06-14 14:26:31 - [TEST_STEP][PASSED] - RN = Math.random() * 5000: null

2023-06-14 14:26:31 - [TEST_STEP][PASSED] - setText(findTestObject("Object Repository/Registration_Subscribe/Page_Watch  YES Network/input_Email Address_email"), "Djay+set" + RN + "@amdocs.com"): Text 'Djay+set1299@amdocs.com' is set on object 'Object Repository/Registration_Subscribe/Page_Watch  YES Network/input_Email Address_email'

2023-06-14 14:26:31 - [MESSAGE][PASSED] - Text 'Djay+set1299@amdocs.com' is set on object 'Object Repository/Registration_Subscribe/Page_Watch  YES Network/input_Email Address_email'

2023-06-14 14:26:31 - [TEST_STEP][PASSED] - setEncryptedText(findTestObject("Object Repository/Registration_Settings/Page_Watch  YES Network/input_Password_password"), "RigbBhfdqOBGNlJIWM1ClA=="): Text ****** has been set on object 'Object Repository/Registration_Settings/Page_Watch  YES Network/input_Password_password'

2023-06-14 14:26:32 - [MESSAGE][PASSED] - Text ****** has been set on object 'Object Repository/Registration_Settings/Page_Watch  YES Network/input_Password_password'

2023-06-14 14:26:32 - [TEST_STEP][PASSED] - click(findTestObject("Object Repository/Registration_Settings/Page_Watch  YES Network/div_Date of Birth")): Object: 'Object Repository/Registration_Settings/Page_Watch  YES Network/div_Date of Birth' is clicked on

2023-06-14 14:26:33 - [MESSAGE][PASSED] - Object: 'Object Repository/Registration_Settings/Page_Watch  YES Network/div_Date of Birth' is clicked on

2023-06-14 14:26:33 - [TEST_STEP][PASSED] - setText(findTestObject("Object Repository/Registration_Subscribe/Page_Watch  YES Network/input_Date of Birth_dob"), "2000/01/01"): Text '2000/01/01' is set on object 'Object Repository/Registration_Subscribe/Page_Watch  YES Network/input_Date of Birth_dob'

2023-06-14 14:26:33 - [MESSAGE][PASSED] - Text '2000/01/01' is set on object 'Object Repository/Registration_Subscribe/Page_Watch  YES Network/input_Date of Birth_dob'

2023-06-14 14:26:33 - [TEST_STEP][PASSED] - selectOptionByValue(findTestObject("Object Repository/Registration_Settings/Page_Watch  YES Network/select_OptionalMaleFemaleOtherPrefer not to answer"), "Male", true): All options with value 'Male' are selected in object 'Object Repository/Registration_Settings/Page_Watch  YES Network/select_OptionalMaleFemaleOtherPrefer not to answer'  using regular expression

2023-06-14 14:26:34 - [MESSAGE][PASSED] - All options with value 'Male' are selected in object 'Object Repository/Registration_Settings/Page_Watch  YES Network/select_OptionalMaleFemaleOtherPrefer not to answer'  using regular expression

2023-06-14 14:26:34 - [TEST_STEP][PASSED] - click(findTestObject("Object Repository/Registration_Settings/Page_Watch  YES Network/button_NEXT")): Object: 'Object Repository/Registration_Settings/Page_Watch  YES Network/button_NEXT' is clicked on

2023-06-14 14:26:34 - [MESSAGE][PASSED] - Object: 'Object Repository/Registration_Settings/Page_Watch  YES Network/button_NEXT' is clicked on

2023-06-14 14:26:34 - [TEST_STEP][PASSED] - click(findTestObject("Object Repository/Registration_Settings/Page_Watch  YES Network/button_NOT INTERESTED")): Object: 'Object Repository/Registration_Settings/Page_Watch  YES Network/button_NOT INTERESTED' is clicked on

2023-06-14 14:26:38 - [MESSAGE][PASSED] - Object: 'Object Repository/Registration_Settings/Page_Watch  YES Network/button_NOT INTERESTED' is clicked on

2023-06-14 14:26:38 - [TEST_STEP][PASSED] - click(findTestObject("Object Repository/Registration_Settings/Page_Watch  YES Network/button_YOUR FAVORITE TEAMS_Brooklyn-Nets")): Object: 'Object Repository/Registration_Settings/Page_Watch  YES Network/button_YOUR FAVORITE TEAMS_Brooklyn-Nets' is clicked on

2023-06-14 14:26:39 - [MESSAGE][PASSED] - Object: 'Object Repository/Registration_Settings/Page_Watch  YES Network/button_YOUR FAVORITE TEAMS_Brooklyn-Nets' is clicked on

2023-06-14 14:26:39 - [TEST_STEP][PASSED] - click(findTestObject("Object Repository/Registration_Settings/Page_Watch  YES Network/button_YOUR FAVORITE TEAMS_NewYork-Liberty")): Object: 'Object Repository/Registration_Settings/Page_Watch  YES Network/button_YOUR FAVORITE TEAMS_NewYork-Liberty' is clicked on

2023-06-14 14:26:39 - [MESSAGE][PASSED] - Object: 'Object Repository/Registration_Settings/Page_Watch  YES Network/button_YOUR FAVORITE TEAMS_NewYork-Liberty' is clicked on

2023-06-14 14:26:39 - [TEST_STEP][PASSED] - click(findTestObject("Object Repository/Registration_Settings/Page_Watch  YES Network/button_NEXT")): Object: 'Object Repository/Registration_Settings/Page_Watch  YES Network/button_NEXT' is clicked on

2023-06-14 14:26:39 - [MESSAGE][PASSED] - Object: 'Object Repository/Registration_Settings/Page_Watch  YES Network/button_NEXT' is clicked on

2023-06-14 14:26:39 - [TEST_STEP][PASSED] - click(findTestObject("Object Repository/Registration_Settings/Page_Watch  YES Network/button_Ill do this later")): Object: 'Object Repository/Registration_Settings/Page_Watch  YES Network/button_Ill do this later' is clicked on

2023-06-14 14:26:40 - [MESSAGE][PASSED] - Object: 'Object Repository/Registration_Settings/Page_Watch  YES Network/button_Ill do this later' is clicked on

2023-06-14 14:26:40 - [TEST_STEP][PASSED] - click(findTestObject("Object Repository/Registration_Settings/Page_Watch  YES Network/span_MAYBE LATER")): Object: 'Object Repository/Registration_Settings/Page_Watch  YES Network/span_MAYBE LATER' is clicked on

2023-06-14 14:26:41 - [MESSAGE][PASSED] - Object: 'Object Repository/Registration_Settings/Page_Watch  YES Network/span_MAYBE LATER' is clicked on

2023-06-14 14:26:41 - [TEST_STEP][PASSED] - waitForPageLoad(5): Wait for page load successfully

2023-06-14 14:26:41 - [MESSAGE][PASSED] - Wait for page load successfully

2023-06-14 14:26:41 - [TEST_STEP][PASSED] - click(findTestObject("Object Repository/Registration_Settings/Page_Watch  YES Network/img")): Object: 'Object Repository/Registration_Settings/Page_Watch  YES Network/img' is clicked on

2023-06-14 14:26:44 - [MESSAGE][PASSED] - Object: 'Object Repository/Registration_Settings/Page_Watch  YES Network/img' is clicked on

2023-06-14 14:26:44 - [TEST_STEP][PASSED] - click(findTestObject("Object Repository/Registration_Settings/Page_Watch  YES Network/div_Subscribe Now")): Object: 'Object Repository/Registration_Settings/Page_Watch  YES Network/div_Subscribe Now' is clicked on

2023-06-14 14:26:45 - [MESSAGE][PASSED] - Object: 'Object Repository/Registration_Settings/Page_Watch  YES Network/div_Subscribe Now' is clicked on

2023-06-14 14:26:45 - [TEST_STEP][PASSED] - setText(findTestObject("Object Repository/Registration_Settings/Page_Watch  YES Network/input_Name on Card_nameOnCard"), "djay"): Text 'djay' is set on object 'Object Repository/Registration_Settings/Page_Watch  YES Network/input_Name on Card_nameOnCard'

2023-06-14 14:26:55 - [MESSAGE][PASSED] - Text 'djay' is set on object 'Object Repository/Registration_Settings/Page_Watch  YES Network/input_Name on Card_nameOnCard'

2023-06-14 14:26:55 - [TEST_STEP][PASSED] - setText(findTestObject("Object Repository/Registration_Settings/Page_Watch  YES Network/input_Credit Card Number_cardNumber"), "4242 4242 4242 4242"): Text '4242 4242 4242 4242' is set on object 'Object Repository/Registration_Settings/Page_Watch  YES Network/input_Credit Card Number_cardNumber'

2023-06-14 14:26:56 - [MESSAGE][PASSED] - Text '4242 4242 4242 4242' is set on object 'Object Repository/Registration_Settings/Page_Watch  YES Network/input_Credit Card Number_cardNumber'

2023-06-14 14:26:56 - [TEST_STEP][PASSED] - setText(findTestObject("Object Repository/Registration_Settings/Page_Watch  YES Network/input_Exp MMYY_expiryDate"), "01/24"): Text '01/24' is set on object 'Object Repository/Registration_Settings/Page_Watch  YES Network/input_Exp MMYY_expiryDate'

2023-06-14 14:26:56 - [MESSAGE][PASSED] - Text '01/24' is set on object 'Object Repository/Registration_Settings/Page_Watch  YES Network/input_Exp MMYY_expiryDate'

2023-06-14 14:26:56 - [TEST_STEP][PASSED] - setEncryptedText(findTestObject("Object Repository/Registration_Settings/Page_Watch  YES Network/input_CVV_securityCode"), "AbZbeXpnEm4="): Text ****** has been set on object 'Object Repository/Registration_Settings/Page_Watch  YES Network/input_CVV_securityCode'

2023-06-14 14:26:57 - [MESSAGE][PASSED] - Text ****** has been set on object 'Object Repository/Registration_Settings/Page_Watch  YES Network/input_CVV_securityCode'

2023-06-14 14:26:57 - [TEST_STEP][PASSED] - click(findTestObject("Object Repository/Registration_Settings/Page_Watch  YES Network/input_Discount Code_discountCode")): Object: 'Object Repository/Registration_Settings/Page_Watch  YES Network/input_Discount Code_discountCode' is clicked on

2023-06-14 14:26:57 - [MESSAGE][PASSED] - Object: 'Object Repository/Registration_Settings/Page_Watch  YES Network/input_Discount Code_discountCode' is clicked on

2023-06-14 14:26:57 - [TEST_STEP][PASSED] - click(findTestObject("Object Repository/Registration_Settings/Page_Watch  YES Network/input_19.99_termsconditions")): Object: 'Object Repository/Registration_Settings/Page_Watch  YES Network/input_19.99_termsconditions' is clicked on

2023-06-14 14:26:57 - [MESSAGE][PASSED] - Object: 'Object Repository/Registration_Settings/Page_Watch  YES Network/input_19.99_termsconditions' is clicked on

2023-06-14 14:26:57 - [TEST_STEP][PASSED] - click(findTestObject("Object Repository/Registration_Settings/Page_Watch  YES Network/span_Subscribe Now")): Object: 'Object Repository/Registration_Settings/Page_Watch  YES Network/span_Subscribe Now' is clicked on

2023-06-14 14:26:58 - [MESSAGE][PASSED] - Object: 'Object Repository/Registration_Settings/Page_Watch  YES Network/span_Subscribe Now' is clicked on

2023-06-14 14:26:58 - [TEST_STEP][PASSED] - click(findTestObject("Object Repository/Registration_Settings/Page_Watch  YES Network/button_CONTINUE")): Object: 'Object Repository/Registration_Settings/Page_Watch  YES Network/button_CONTINUE' is clicked on

2023-06-14 14:27:01 - [MESSAGE][PASSED] - Object: 'Object Repository/Registration_Settings/Page_Watch  YES Network/button_CONTINUE' is clicked on

2023-06-14 14:27:01 - [TEST_STEP][PASSED] - delay(3): Delayed 3 second(s)

2023-06-14 14:27:04 - [MESSAGE][PASSED] - Delayed 3 second(s)

2023-06-14 14:27:04 - [TEST_STEP][PASSED] - refresh(): Refresh successfully

2023-06-14 14:27:13 - [MESSAGE][PASSED] - Refresh successfully

2023-06-14 14:27:13 - [TEST_STEP][PASSED] - delay(3): Delayed 3 second(s)

2023-06-14 14:27:16 - [MESSAGE][PASSED] - Delayed 3 second(s)

2023-06-14 14:27:16 - [TEST_STEP][PASSED] - click(findTestObject("Object Repository/Registration_Settings/Page_Watch  YES Network/svg")): Object: 'Object Repository/Registration_Settings/Page_Watch  YES Network/svg' is clicked on

2023-06-14 14:27:17 - [MESSAGE][PASSED] - Object: 'Object Repository/Registration_Settings/Page_Watch  YES Network/svg' is clicked on

2023-06-14 14:27:17 - [TEST_STEP][PASSED] - delay(3): Delayed 3 second(s)

2023-06-14 14:27:20 - [MESSAGE][PASSED] - Delayed 3 second(s)

2023-06-14 14:27:20 - [TEST_STEP][PASSED] - refresh(): Refresh successfully

2023-06-14 14:27:26 - [MESSAGE][PASSED] - Refresh successfully

2023-06-14 14:27:26 - [TEST_STEP][PASSED] - delay(3): Delayed 3 second(s)

2023-06-14 14:27:29 - [MESSAGE][PASSED] - Delayed 3 second(s)

2023-06-14 14:27:29 - [TEST_STEP][PASSED] - click(findTestObject("Object Repository/Registration_Settings/Page_Watch  YES Network/img")): Object: 'Object Repository/Registration_Settings/Page_Watch  YES Network/img' is clicked on

2023-06-14 14:27:29 - [MESSAGE][PASSED] - Object: 'Object Repository/Registration_Settings/Page_Watch  YES Network/img' is clicked on

2023-06-14 14:27:29 - [TEST_STEP][PASSED] - click(findTestObject("Object Repository/Registration_Settings/Page_Watch  YES Network/div_Manage Subscription")): Object: 'Object Repository/Registration_Settings/Page_Watch  YES Network/div_Manage Subscription' is clicked on

2023-06-14 14:27:30 - [MESSAGE][PASSED] - Object: 'Object Repository/Registration_Settings/Page_Watch  YES Network/div_Manage Subscription' is clicked on

2023-06-14 14:27:30 - [TEST_STEP][PASSED] - verifyElementText(findTestObject("Object Repository/Watch_Screen_Subscribe/Page_Watch  YES Network/button_CHANGE PLAN"), "CHANGE PLAN"): Actual text and expected text of test object 'Object Repository/Watch_Screen_Subscribe/Page_Watch  YES Network/button_CHANGE PLAN' are matched.

2023-06-14 14:27:31 - [MESSAGE][PASSED] - Actual text and expected text of test object 'Object Repository/Watch_Screen_Subscribe/Page_Watch  YES Network/button_CHANGE PLAN' are matched.

2023-06-14 14:27:31 - [TEST_STEP][PASSED] - verifyElementText(findTestObject("Object Repository/Watch_Screen_Subscribe/Page_Watch  YES Network/div_MANAGE SUBSCRIPTION (1)"), "MANAGE SUBSCRIPTION"): Actual text and expected text of test object 'Object Repository/Watch_Screen_Subscribe/Page_Watch  YES Network/div_MANAGE SUBSCRIPTION (1)' are matched.

2023-06-14 14:27:31 - [MESSAGE][PASSED] - Actual text and expected text of test object 'Object Repository/Watch_Screen_Subscribe/Page_Watch  YES Network/div_MANAGE SUBSCRIPTION (1)' are matched.

2023-06-14 14:27:31 - [TEST_STEP][PASSED] - click(findTestObject("Object Repository/Registration_Settings/Page_Watch  YES Network/svg")): Object: 'Object Repository/Registration_Settings/Page_Watch  YES Network/svg' is clicked on

2023-06-14 14:28:02 - [MESSAGE][INFO] - Unable to find the element located by 'By.xpath: (.//*[normalize-space(text()) and normalize-space(.)='Back'])[1]//*[name()='svg'][1]'. Please recheck the objects properties to make sure the desired element is located. 

2023-06-14 14:28:02 - [MESSAGE][WARNING] - [SELF-HEALING] Failed to find element with id 'Object Repository/Registration_Settings/Page_Watch  YES Network/svg'. Try using Self-healing.

2023-06-14 14:28:02 - [MESSAGE][WARNING] - [SELF-HEALING] The current locator of test object 'Object Repository/Registration_Settings/Page_Watch  YES Network/svg' was broken. Propose an alternative one: 'svg'.

2023-06-14 14:28:02 - [MESSAGE][PASSED] - Object: 'Object Repository/Registration_Settings/Page_Watch  YES Network/svg' is clicked on

2023-06-14 14:28:02 - [TEST_STEP][PASSED] - click(findTestObject("Object Repository/Registration_Settings/Page_Watch  YES Network/div_Log Out")): Object: 'Object Repository/Registration_Settings/Page_Watch  YES Network/div_Log Out' is clicked on

2023-06-14 14:28:03 - [MESSAGE][PASSED] - Object: 'Object Repository/Registration_Settings/Page_Watch  YES Network/div_Log Out' is clicked on

2023-06-14 14:28:03 - [TEST_STEP][PASSED] - closeBrowser(): Browser is closed

2023-06-14 14:28:04 - [MESSAGE][PASSED] - Browser is closed]]></system-out>
         <system-err><![CDATA[]]></system-err>
      </testcase>
      <testcase name="Test Cases/DTC_NS_Login" time="21.325" classname="Test Cases/DTC_NS_Login" status="PASSED">
         <system-out><![CDATA[2023-06-14 14:28:04 - [TEST_CASE][PASSED] - Test Cases/DTC_NS_Login: Test Cases/DTC_NS_Login

2023-06-14 14:28:04 - [TEST_STEP][PASSED] - openBrowser(""): Browser is opened with url: ''

2023-06-14 14:28:04 - [MESSAGE][INFO] - Starting 'Chrome' driver

2023-06-14 14:28:04 - [MESSAGE][INFO] - Action delay is set to 0 milliseconds

2023-06-14 14:28:06 - [MESSAGE][PASSED] - Browser is opened with url: ''

2023-06-14 14:28:06 - [TEST_STEP][PASSED] - navigateToUrl("https://qa.watchyesnetwork.com/"): Navigate to 'https://qa.watchyesnetwork.com/' successfully

2023-06-14 14:28:14 - [MESSAGE][PASSED] - Navigate to 'https://qa.watchyesnetwork.com/' successfully

2023-06-14 14:28:14 - [TEST_STEP][PASSED] - click(findTestObject("Object Repository/DTC_NS_Login/Page_Watch  YES Network/div_I use social account to login or have r_ffd706")): Object: 'Object Repository/DTC_NS_Login/Page_Watch  YES Network/div_I use social account to login or have r_ffd706' is clicked on

2023-06-14 14:28:15 - [MESSAGE][PASSED] - Object: 'Object Repository/DTC_NS_Login/Page_Watch  YES Network/div_I use social account to login or have r_ffd706' is clicked on

2023-06-14 14:28:15 - [TEST_STEP][PASSED] - click(findTestObject("Object Repository/DTC_NS_Login/Page_Watch  YES Network/button_DISMISS")): Object: 'Object Repository/DTC_NS_Login/Page_Watch  YES Network/button_DISMISS' is clicked on

2023-06-14 14:28:15 - [MESSAGE][PASSED] - Object: 'Object Repository/DTC_NS_Login/Page_Watch  YES Network/button_DISMISS' is clicked on

2023-06-14 14:28:15 - [TEST_STEP][PASSED] - click(findTestObject("Object Repository/DTC_NS_Login/Page_Watch  YES Network/button_LOGIN WITH YES APP ACCOUNT")): Object: 'Object Repository/DTC_NS_Login/Page_Watch  YES Network/button_LOGIN WITH YES APP ACCOUNT' is clicked on

2023-06-14 14:28:16 - [MESSAGE][PASSED] - Object: 'Object Repository/DTC_NS_Login/Page_Watch  YES Network/button_LOGIN WITH YES APP ACCOUNT' is clicked on

2023-06-14 14:28:16 - [TEST_STEP][PASSED] - setText(findTestObject("Object Repository/DTC_NS_Login/Page_Watch  YES Network/input_Email_email"), "djay+stage0@amdocs.com"): Text 'djay+stage0@amdocs.com' is set on object 'Object Repository/DTC_NS_Login/Page_Watch  YES Network/input_Email_email'

2023-06-14 14:28:18 - [MESSAGE][PASSED] - Text 'djay+stage0@amdocs.com' is set on object 'Object Repository/DTC_NS_Login/Page_Watch  YES Network/input_Email_email'

2023-06-14 14:28:18 - [TEST_STEP][PASSED] - setEncryptedText(findTestObject("Object Repository/DTC_NS_Login/Page_Watch  YES Network/input_Password_password"), "RigbBhfdqOBGNlJIWM1ClA=="): Text ****** has been set on object 'Object Repository/DTC_NS_Login/Page_Watch  YES Network/input_Password_password'

2023-06-14 14:28:19 - [MESSAGE][PASSED] - Text ****** has been set on object 'Object Repository/DTC_NS_Login/Page_Watch  YES Network/input_Password_password'

2023-06-14 14:28:19 - [TEST_STEP][PASSED] - click(findTestObject("Object Repository/DTC_NS_Login/Page_Watch  YES Network/button_LOGIN")): Object: 'Object Repository/DTC_NS_Login/Page_Watch  YES Network/button_LOGIN' is clicked on

2023-06-14 14:28:19 - [MESSAGE][PASSED] - Object: 'Object Repository/DTC_NS_Login/Page_Watch  YES Network/button_LOGIN' is clicked on

2023-06-14 14:28:19 - [TEST_STEP][PASSED] - verifyElementText(findTestObject("Object Repository/DTC_NS_Login/Page_Watch  YES Network/button_SUBSCRIBE NOW"), "SUBSCRIBE NOW"): Actual text and expected text of test object 'Object Repository/DTC_NS_Login/Page_Watch  YES Network/button_SUBSCRIBE NOW' are matched.

2023-06-14 14:28:23 - [MESSAGE][PASSED] - Actual text and expected text of test object 'Object Repository/DTC_NS_Login/Page_Watch  YES Network/button_SUBSCRIBE NOW' are matched.

2023-06-14 14:28:23 - [TEST_STEP][PASSED] - click(findTestObject("Object Repository/DTC_NS_Login/Page_Watch  YES Network/img")): Object: 'Object Repository/DTC_NS_Login/Page_Watch  YES Network/img' is clicked on

2023-06-14 14:28:24 - [MESSAGE][PASSED] - Object: 'Object Repository/DTC_NS_Login/Page_Watch  YES Network/img' is clicked on

2023-06-14 14:28:24 - [TEST_STEP][PASSED] - verifyElementPresent(findTestObject("Object Repository/DTC_NS_Login/Page_Watch  YES Network/div_Subscribe Now"), 0): Object 'Object Repository/DTC_NS_Login/Page_Watch  YES Network/div_Subscribe Now' is present

2023-06-14 14:28:24 - [MESSAGE][WARNING] - Timeout '0' is invalid. Using default page load timeout: '30'

2023-06-14 14:28:24 - [MESSAGE][PASSED] - Object 'Object Repository/DTC_NS_Login/Page_Watch  YES Network/div_Subscribe Now' is present

2023-06-14 14:28:24 - [TEST_STEP][PASSED] - click(findTestObject("Object Repository/DTC_NS_Login/Page_Watch  YES Network/div_Log Out")): Object: 'Object Repository/DTC_NS_Login/Page_Watch  YES Network/div_Log Out' is clicked on

2023-06-14 14:28:25 - [MESSAGE][PASSED] - Object: 'Object Repository/DTC_NS_Login/Page_Watch  YES Network/div_Log Out' is clicked on

2023-06-14 14:28:25 - [TEST_STEP][PASSED] - closeBrowser(): Browser is closed

2023-06-14 14:28:25 - [MESSAGE][PASSED] - Browser is closed]]></system-out>
         <system-err><![CDATA[]]></system-err>
      </testcase>
      <system-out><![CDATA[2023-06-14 14:23:31 - [TEST_SUITE][PASSED] - YES: Test Cases/DTC_NS_Login]]></system-out>
      <system-err><![CDATA[]]></system-err>
   </testsuite>
</testsuites>
